

Started GET "/" for 127.0.0.1 at 2012-03-30 12:14:22 -0400
Processing by TvController#index as HTML
  Rendered tv/index.html.erb (2.6ms)
Completed 200 OK in 637ms (Views: 11.5ms | ActiveRecord: 0.0ms)


Started GET "/assets/rails.png" for 127.0.0.1 at 2012-03-30 12:14:23 -0400
Served asset /rails.png - 200 OK (13ms)


Started GET "/" for 127.0.0.1 at 2012-03-30 12:26:49 -0400

SyntaxError (/Users/chrisbreiding/Desktop/Mine/newtv.crbapps.com/newtv/app/controllers/tv_controller.rb:18: syntax error, unexpected ':', expecting '}'
			@shows.push { name : { episodes: [] } }
			                    ^):
  activesupport (3.2.2) lib/active_support/dependencies.rb:469:in `load'
  activesupport (3.2.2) lib/active_support/dependencies.rb:469:in `block in load_file'
  activesupport (3.2.2) lib/active_support/dependencies.rb:639:in `new_constants_in'
  activesupport (3.2.2) lib/active_support/dependencies.rb:468:in `load_file'
  activesupport (3.2.2) lib/active_support/dependencies.rb:353:in `require_or_load'
  activesupport (3.2.2) lib/active_support/dependencies.rb:502:in `load_missing_constant'
  activesupport (3.2.2) lib/active_support/dependencies.rb:192:in `block in const_missing'
  activesupport (3.2.2) lib/active_support/dependencies.rb:190:in `each'
  activesupport (3.2.2) lib/active_support/dependencies.rb:190:in `const_missing'
  activesupport (3.2.2) lib/active_support/inflector/methods.rb:229:in `block in constantize'
  activesupport (3.2.2) lib/active_support/inflector/methods.rb:228:in `each'
  activesupport (3.2.2) lib/active_support/inflector/methods.rb:228:in `constantize'
  activesupport (3.2.2) lib/active_support/dependencies.rb:554:in `get'
  actionpack (3.2.2) lib/action_dispatch/routing/route_set.rb:63:in `controller_reference'
  actionpack (3.2.2) lib/action_dispatch/routing/route_set.rb:48:in `controller'
  actionpack (3.2.2) lib/action_dispatch/routing/route_set.rb:26:in `call'
  journey (1.0.3) lib/journey/router.rb:68:in `block in call'
  journey (1.0.3) lib/journey/router.rb:56:in `each'
  journey (1.0.3) lib/journey/router.rb:56:in `call'
  actionpack (3.2.2) lib/action_dispatch/routing/route_set.rb:594:in `call'
  actionpack (3.2.2) lib/action_dispatch/middleware/best_standards_support.rb:17:in `call'
  rack (1.4.1) lib/rack/etag.rb:23:in `call'
  rack (1.4.1) lib/rack/conditionalget.rb:25:in `call'
  actionpack (3.2.2) lib/action_dispatch/middleware/head.rb:14:in `call'
  actionpack (3.2.2) lib/action_dispatch/middleware/params_parser.rb:21:in `call'
  actionpack (3.2.2) lib/action_dispatch/middleware/flash.rb:242:in `call'
  rack (1.4.1) lib/rack/session/abstract/id.rb:205:in `context'
  rack (1.4.1) lib/rack/session/abstract/id.rb:200:in `call'
  actionpack (3.2.2) lib/action_dispatch/middleware/cookies.rb:338:in `call'
  activerecord (3.2.2) lib/active_record/query_cache.rb:64:in `call'
  activerecord (3.2.2) lib/active_record/connection_adapters/abstract/connection_pool.rb:443:in `call'
  actionpack (3.2.2) lib/action_dispatch/middleware/callbacks.rb:28:in `block in call'
  activesupport (3.2.2) lib/active_support/callbacks.rb:405:in `_run__1084791412764159400__call__23566030629528699__callbacks'
  activesupport (3.2.2) lib/active_support/callbacks.rb:405:in `__run_callback'
  activesupport (3.2.2) lib/active_support/callbacks.rb:385:in `_run_call_callbacks'
  activesupport (3.2.2) lib/active_support/callbacks.rb:81:in `run_callbacks'
  actionpack (3.2.2) lib/action_dispatch/middleware/callbacks.rb:27:in `call'
  actionpack (3.2.2) lib/action_dispatch/middleware/reloader.rb:65:in `call'
  actionpack (3.2.2) lib/action_dispatch/middleware/remote_ip.rb:31:in `call'
  actionpack (3.2.2) lib/action_dispatch/middleware/debug_exceptions.rb:16:in `call'
  actionpack (3.2.2) lib/action_dispatch/middleware/show_exceptions.rb:56:in `call'
  railties (3.2.2) lib/rails/rack/logger.rb:26:in `call_app'
  railties (3.2.2) lib/rails/rack/logger.rb:16:in `call'
  actionpack (3.2.2) lib/action_dispatch/middleware/request_id.rb:22:in `call'
  rack (1.4.1) lib/rack/methodoverride.rb:21:in `call'
  rack (1.4.1) lib/rack/runtime.rb:17:in `call'
  activesupport (3.2.2) lib/active_support/cache/strategy/local_cache.rb:72:in `call'
  rack (1.4.1) lib/rack/lock.rb:15:in `call'
  actionpack (3.2.2) lib/action_dispatch/middleware/static.rb:61:in `call'
  railties (3.2.2) lib/rails/engine.rb:479:in `call'
  railties (3.2.2) lib/rails/application.rb:220:in `call'
  rack (1.4.1) lib/rack/content_length.rb:14:in `call'
  railties (3.2.2) lib/rails/rack/log_tailer.rb:14:in `call'
  rack (1.4.1) lib/rack/handler/webrick.rb:59:in `service'
  /Users/chrisbreiding/.rvm/rubies/ruby-1.9.3-p125/lib/ruby/1.9.1/webrick/httpserver.rb:138:in `service'
  /Users/chrisbreiding/.rvm/rubies/ruby-1.9.3-p125/lib/ruby/1.9.1/webrick/httpserver.rb:94:in `run'
  /Users/chrisbreiding/.rvm/rubies/ruby-1.9.3-p125/lib/ruby/1.9.1/webrick/server.rb:191:in `block in start_thread'


  Rendered /Users/chrisbreiding/.rvm/gems/ruby-1.9.3-p125/gems/actionpack-3.2.2/lib/action_dispatch/middleware/templates/rescues/_trace.erb (24.9ms)
  Rendered /Users/chrisbreiding/.rvm/gems/ruby-1.9.3-p125/gems/actionpack-3.2.2/lib/action_dispatch/middleware/templates/rescues/_request_and_response.erb (0.9ms)
  Rendered /Users/chrisbreiding/.rvm/gems/ruby-1.9.3-p125/gems/actionpack-3.2.2/lib/action_dispatch/middleware/templates/rescues/diagnostics.erb within rescues/layout (34.2ms)


Started GET "/" for 127.0.0.1 at 2012-03-30 12:27:07 -0400

SyntaxError (/Users/chrisbreiding/Desktop/Mine/newtv.crbapps.com/newtv/app/controllers/tv_controller.rb:18: syntax error, unexpected tASSOC, expecting '}'
			@shows.push { name => { episodes: [] } }
			                     ^):
  activesupport (3.2.2) lib/active_support/dependencies.rb:469:in `load'
  activesupport (3.2.2) lib/active_support/dependencies.rb:469:in `block in load_file'
  activesupport (3.2.2) lib/active_support/dependencies.rb:639:in `new_constants_in'
  activesupport (3.2.2) lib/active_support/dependencies.rb:468:in `load_file'
  activesupport (3.2.2) lib/active_support/dependencies.rb:353:in `require_or_load'
  activesupport (3.2.2) lib/active_support/dependencies.rb:502:in `load_missing_constant'
  activesupport (3.2.2) lib/active_support/dependencies.rb:192:in `block in const_missing'
  activesupport (3.2.2) lib/active_support/dependencies.rb:190:in `each'
  activesupport (3.2.2) lib/active_support/dependencies.rb:190:in `const_missing'
  activesupport (3.2.2) lib/active_support/inflector/methods.rb:229:in `block in constantize'
  activesupport (3.2.2) lib/active_support/inflector/methods.rb:228:in `each'
  activesupport (3.2.2) lib/active_support/inflector/methods.rb:228:in `constantize'
  activesupport (3.2.2) lib/active_support/dependencies.rb:554:in `get'
  actionpack (3.2.2) lib/action_dispatch/routing/route_set.rb:63:in `controller_reference'
  actionpack (3.2.2) lib/action_dispatch/routing/route_set.rb:48:in `controller'
  actionpack (3.2.2) lib/action_dispatch/routing/route_set.rb:26:in `call'
  journey (1.0.3) lib/journey/router.rb:68:in `block in call'
  journey (1.0.3) lib/journey/router.rb:56:in `each'
  journey (1.0.3) lib/journey/router.rb:56:in `call'
  actionpack (3.2.2) lib/action_dispatch/routing/route_set.rb:594:in `call'
  actionpack (3.2.2) lib/action_dispatch/middleware/best_standards_support.rb:17:in `call'
  rack (1.4.1) lib/rack/etag.rb:23:in `call'
  rack (1.4.1) lib/rack/conditionalget.rb:25:in `call'
  actionpack (3.2.2) lib/action_dispatch/middleware/head.rb:14:in `call'
  actionpack (3.2.2) lib/action_dispatch/middleware/params_parser.rb:21:in `call'
  actionpack (3.2.2) lib/action_dispatch/middleware/flash.rb:242:in `call'
  rack (1.4.1) lib/rack/session/abstract/id.rb:205:in `context'
  rack (1.4.1) lib/rack/session/abstract/id.rb:200:in `call'
  actionpack (3.2.2) lib/action_dispatch/middleware/cookies.rb:338:in `call'
  activerecord (3.2.2) lib/active_record/query_cache.rb:64:in `call'
  activerecord (3.2.2) lib/active_record/connection_adapters/abstract/connection_pool.rb:443:in `call'
  actionpack (3.2.2) lib/action_dispatch/middleware/callbacks.rb:28:in `block in call'
  activesupport (3.2.2) lib/active_support/callbacks.rb:405:in `_run__1084791412764159400__call__23566030629528699__callbacks'
  activesupport (3.2.2) lib/active_support/callbacks.rb:405:in `__run_callback'
  activesupport (3.2.2) lib/active_support/callbacks.rb:385:in `_run_call_callbacks'
  activesupport (3.2.2) lib/active_support/callbacks.rb:81:in `run_callbacks'
  actionpack (3.2.2) lib/action_dispatch/middleware/callbacks.rb:27:in `call'
  actionpack (3.2.2) lib/action_dispatch/middleware/reloader.rb:65:in `call'
  actionpack (3.2.2) lib/action_dispatch/middleware/remote_ip.rb:31:in `call'
  actionpack (3.2.2) lib/action_dispatch/middleware/debug_exceptions.rb:16:in `call'
  actionpack (3.2.2) lib/action_dispatch/middleware/show_exceptions.rb:56:in `call'
  railties (3.2.2) lib/rails/rack/logger.rb:26:in `call_app'
  railties (3.2.2) lib/rails/rack/logger.rb:16:in `call'
  actionpack (3.2.2) lib/action_dispatch/middleware/request_id.rb:22:in `call'
  rack (1.4.1) lib/rack/methodoverride.rb:21:in `call'
  rack (1.4.1) lib/rack/runtime.rb:17:in `call'
  activesupport (3.2.2) lib/active_support/cache/strategy/local_cache.rb:72:in `call'
  rack (1.4.1) lib/rack/lock.rb:15:in `call'
  actionpack (3.2.2) lib/action_dispatch/middleware/static.rb:61:in `call'
  railties (3.2.2) lib/rails/engine.rb:479:in `call'
  railties (3.2.2) lib/rails/application.rb:220:in `call'
  rack (1.4.1) lib/rack/content_length.rb:14:in `call'
  railties (3.2.2) lib/rails/rack/log_tailer.rb:14:in `call'
  rack (1.4.1) lib/rack/handler/webrick.rb:59:in `service'
  /Users/chrisbreiding/.rvm/rubies/ruby-1.9.3-p125/lib/ruby/1.9.1/webrick/httpserver.rb:138:in `service'
  /Users/chrisbreiding/.rvm/rubies/ruby-1.9.3-p125/lib/ruby/1.9.1/webrick/httpserver.rb:94:in `run'
  /Users/chrisbreiding/.rvm/rubies/ruby-1.9.3-p125/lib/ruby/1.9.1/webrick/server.rb:191:in `block in start_thread'


  Rendered /Users/chrisbreiding/.rvm/gems/ruby-1.9.3-p125/gems/actionpack-3.2.2/lib/action_dispatch/middleware/templates/rescues/_trace.erb (2.5ms)
  Rendered /Users/chrisbreiding/.rvm/gems/ruby-1.9.3-p125/gems/actionpack-3.2.2/lib/action_dispatch/middleware/templates/rescues/_request_and_response.erb (0.9ms)
  Rendered /Users/chrisbreiding/.rvm/gems/ruby-1.9.3-p125/gems/actionpack-3.2.2/lib/action_dispatch/middleware/templates/rescues/diagnostics.erb within rescues/layout (10.6ms)


Started GET "/" for 127.0.0.1 at 2012-03-30 12:27:22 -0400

SyntaxError (/Users/chrisbreiding/Desktop/Mine/newtv.crbapps.com/newtv/app/controllers/tv_controller.rb:18: syntax error, unexpected tASSOC, expecting '}'
			@shows.push { name => { episodes => [] } }
			                     ^):
  activesupport (3.2.2) lib/active_support/dependencies.rb:469:in `load'
  activesupport (3.2.2) lib/active_support/dependencies.rb:469:in `block in load_file'
  activesupport (3.2.2) lib/active_support/dependencies.rb:639:in `new_constants_in'
  activesupport (3.2.2) lib/active_support/dependencies.rb:468:in `load_file'
  activesupport (3.2.2) lib/active_support/dependencies.rb:353:in `require_or_load'
  activesupport (3.2.2) lib/active_support/dependencies.rb:502:in `load_missing_constant'
  activesupport (3.2.2) lib/active_support/dependencies.rb:192:in `block in const_missing'
  activesupport (3.2.2) lib/active_support/dependencies.rb:190:in `each'
  activesupport (3.2.2) lib/active_support/dependencies.rb:190:in `const_missing'
  activesupport (3.2.2) lib/active_support/inflector/methods.rb:229:in `block in constantize'
  activesupport (3.2.2) lib/active_support/inflector/methods.rb:228:in `each'
  activesupport (3.2.2) lib/active_support/inflector/methods.rb:228:in `constantize'
  activesupport (3.2.2) lib/active_support/dependencies.rb:554:in `get'
  actionpack (3.2.2) lib/action_dispatch/routing/route_set.rb:63:in `controller_reference'
  actionpack (3.2.2) lib/action_dispatch/routing/route_set.rb:48:in `controller'
  actionpack (3.2.2) lib/action_dispatch/routing/route_set.rb:26:in `call'
  journey (1.0.3) lib/journey/router.rb:68:in `block in call'
  journey (1.0.3) lib/journey/router.rb:56:in `each'
  journey (1.0.3) lib/journey/router.rb:56:in `call'
  actionpack (3.2.2) lib/action_dispatch/routing/route_set.rb:594:in `call'
  actionpack (3.2.2) lib/action_dispatch/middleware/best_standards_support.rb:17:in `call'
  rack (1.4.1) lib/rack/etag.rb:23:in `call'
  rack (1.4.1) lib/rack/conditionalget.rb:25:in `call'
  actionpack (3.2.2) lib/action_dispatch/middleware/head.rb:14:in `call'
  actionpack (3.2.2) lib/action_dispatch/middleware/params_parser.rb:21:in `call'
  actionpack (3.2.2) lib/action_dispatch/middleware/flash.rb:242:in `call'
  rack (1.4.1) lib/rack/session/abstract/id.rb:205:in `context'
  rack (1.4.1) lib/rack/session/abstract/id.rb:200:in `call'
  actionpack (3.2.2) lib/action_dispatch/middleware/cookies.rb:338:in `call'
  activerecord (3.2.2) lib/active_record/query_cache.rb:64:in `call'
  activerecord (3.2.2) lib/active_record/connection_adapters/abstract/connection_pool.rb:443:in `call'
  actionpack (3.2.2) lib/action_dispatch/middleware/callbacks.rb:28:in `block in call'
  activesupport (3.2.2) lib/active_support/callbacks.rb:405:in `_run__1084791412764159400__call__23566030629528699__callbacks'
  activesupport (3.2.2) lib/active_support/callbacks.rb:405:in `__run_callback'
  activesupport (3.2.2) lib/active_support/callbacks.rb:385:in `_run_call_callbacks'
  activesupport (3.2.2) lib/active_support/callbacks.rb:81:in `run_callbacks'
  actionpack (3.2.2) lib/action_dispatch/middleware/callbacks.rb:27:in `call'
  actionpack (3.2.2) lib/action_dispatch/middleware/reloader.rb:65:in `call'
  actionpack (3.2.2) lib/action_dispatch/middleware/remote_ip.rb:31:in `call'
  actionpack (3.2.2) lib/action_dispatch/middleware/debug_exceptions.rb:16:in `call'
  actionpack (3.2.2) lib/action_dispatch/middleware/show_exceptions.rb:56:in `call'
  railties (3.2.2) lib/rails/rack/logger.rb:26:in `call_app'
  railties (3.2.2) lib/rails/rack/logger.rb:16:in `call'
  actionpack (3.2.2) lib/action_dispatch/middleware/request_id.rb:22:in `call'
  rack (1.4.1) lib/rack/methodoverride.rb:21:in `call'
  rack (1.4.1) lib/rack/runtime.rb:17:in `call'
  activesupport (3.2.2) lib/active_support/cache/strategy/local_cache.rb:72:in `call'
  rack (1.4.1) lib/rack/lock.rb:15:in `call'
  actionpack (3.2.2) lib/action_dispatch/middleware/static.rb:61:in `call'
  railties (3.2.2) lib/rails/engine.rb:479:in `call'
  railties (3.2.2) lib/rails/application.rb:220:in `call'
  rack (1.4.1) lib/rack/content_length.rb:14:in `call'
  railties (3.2.2) lib/rails/rack/log_tailer.rb:14:in `call'
  rack (1.4.1) lib/rack/handler/webrick.rb:59:in `service'
  /Users/chrisbreiding/.rvm/rubies/ruby-1.9.3-p125/lib/ruby/1.9.1/webrick/httpserver.rb:138:in `service'
  /Users/chrisbreiding/.rvm/rubies/ruby-1.9.3-p125/lib/ruby/1.9.1/webrick/httpserver.rb:94:in `run'
  /Users/chrisbreiding/.rvm/rubies/ruby-1.9.3-p125/lib/ruby/1.9.1/webrick/server.rb:191:in `block in start_thread'


  Rendered /Users/chrisbreiding/.rvm/gems/ruby-1.9.3-p125/gems/actionpack-3.2.2/lib/action_dispatch/middleware/templates/rescues/_trace.erb (2.4ms)
  Rendered /Users/chrisbreiding/.rvm/gems/ruby-1.9.3-p125/gems/actionpack-3.2.2/lib/action_dispatch/middleware/templates/rescues/_request_and_response.erb (0.9ms)
  Rendered /Users/chrisbreiding/.rvm/gems/ruby-1.9.3-p125/gems/actionpack-3.2.2/lib/action_dispatch/middleware/templates/rescues/diagnostics.erb within rescues/layout (9.7ms)


Started GET "/" for 127.0.0.1 at 2012-03-30 12:27:42 -0400
Processing by TvController#index as HTML
Completed 500 Internal Server Error in 16ms

NameError (undefined local variable or method `episodes' for #<TvController:0x007fc893ff0c18>):
  app/controllers/tv_controller.rb:18:in `block in index'
  app/controllers/tv_controller.rb:16:in `each'
  app/controllers/tv_controller.rb:16:in `index'


  Rendered /Users/chrisbreiding/.rvm/gems/ruby-1.9.3-p125/gems/actionpack-3.2.2/lib/action_dispatch/middleware/templates/rescues/_trace.erb (2.7ms)
  Rendered /Users/chrisbreiding/.rvm/gems/ruby-1.9.3-p125/gems/actionpack-3.2.2/lib/action_dispatch/middleware/templates/rescues/_request_and_response.erb (1.0ms)
  Rendered /Users/chrisbreiding/.rvm/gems/ruby-1.9.3-p125/gems/actionpack-3.2.2/lib/action_dispatch/middleware/templates/rescues/diagnostics.erb within rescues/layout (9.7ms)


Started GET "/" for 127.0.0.1 at 2012-03-30 12:27:50 -0400
Processing by TvController#index as HTML
Completed 500 Internal Server Error in 1866ms

TypeError (can't convert String into Integer):
  app/controllers/tv_controller.rb:25:in `[]'
  app/controllers/tv_controller.rb:25:in `block (2 levels) in index'
  app/controllers/tv_controller.rb:24:in `block in index'
  app/controllers/tv_controller.rb:16:in `each'
  app/controllers/tv_controller.rb:16:in `index'


  Rendered /Users/chrisbreiding/.rvm/gems/ruby-1.9.3-p125/gems/actionpack-3.2.2/lib/action_dispatch/middleware/templates/rescues/_trace.erb (3.2ms)
  Rendered /Users/chrisbreiding/.rvm/gems/ruby-1.9.3-p125/gems/actionpack-3.2.2/lib/action_dispatch/middleware/templates/rescues/_request_and_response.erb (1.0ms)
  Rendered /Users/chrisbreiding/.rvm/gems/ruby-1.9.3-p125/gems/actionpack-3.2.2/lib/action_dispatch/middleware/templates/rescues/diagnostics.erb within rescues/layout (10.4ms)


Started GET "/" for 127.0.0.1 at 2012-03-30 12:28:16 -0400
Processing by TvController#index as HTML
Completed 500 Internal Server Error in 2253ms

TypeError (can't convert String into Integer):
  app/controllers/tv_controller.rb:25:in `[]'
  app/controllers/tv_controller.rb:25:in `block (2 levels) in index'
  app/controllers/tv_controller.rb:24:in `block in index'
  app/controllers/tv_controller.rb:16:in `each'
  app/controllers/tv_controller.rb:16:in `index'


  Rendered /Users/chrisbreiding/.rvm/gems/ruby-1.9.3-p125/gems/actionpack-3.2.2/lib/action_dispatch/middleware/templates/rescues/_trace.erb (2.9ms)
  Rendered /Users/chrisbreiding/.rvm/gems/ruby-1.9.3-p125/gems/actionpack-3.2.2/lib/action_dispatch/middleware/templates/rescues/_request_and_response.erb (0.9ms)
  Rendered /Users/chrisbreiding/.rvm/gems/ruby-1.9.3-p125/gems/actionpack-3.2.2/lib/action_dispatch/middleware/templates/rescues/diagnostics.erb within rescues/layout (9.9ms)


Started GET "/" for 127.0.0.1 at 2012-03-30 12:28:21 -0400
Processing by TvController#index as HTML
Completed 500 Internal Server Error in 1999ms

TypeError (can't convert String into Integer):
  app/controllers/tv_controller.rb:25:in `[]'
  app/controllers/tv_controller.rb:25:in `block (2 levels) in index'
  app/controllers/tv_controller.rb:24:in `block in index'
  app/controllers/tv_controller.rb:16:in `each'
  app/controllers/tv_controller.rb:16:in `index'


  Rendered /Users/chrisbreiding/.rvm/gems/ruby-1.9.3-p125/gems/actionpack-3.2.2/lib/action_dispatch/middleware/templates/rescues/_trace.erb (2.8ms)
  Rendered /Users/chrisbreiding/.rvm/gems/ruby-1.9.3-p125/gems/actionpack-3.2.2/lib/action_dispatch/middleware/templates/rescues/_request_and_response.erb (0.9ms)
  Rendered /Users/chrisbreiding/.rvm/gems/ruby-1.9.3-p125/gems/actionpack-3.2.2/lib/action_dispatch/middleware/templates/rescues/diagnostics.erb within rescues/layout (9.9ms)


Started GET "/" for 127.0.0.1 at 2012-03-30 12:29:39 -0400
Processing by TvController#index as HTML
Completed 500 Internal Server Error in 16ms

NameError (undefined local variable or method `episodes' for #<TvController:0x007fc894848a78>):
  app/controllers/tv_controller.rb:18:in `block in index'
  app/controllers/tv_controller.rb:16:in `each'
  app/controllers/tv_controller.rb:16:in `index'


  Rendered /Users/chrisbreiding/.rvm/gems/ruby-1.9.3-p125/gems/actionpack-3.2.2/lib/action_dispatch/middleware/templates/rescues/_trace.erb (3.0ms)
  Rendered /Users/chrisbreiding/.rvm/gems/ruby-1.9.3-p125/gems/actionpack-3.2.2/lib/action_dispatch/middleware/templates/rescues/_request_and_response.erb (1.0ms)
  Rendered /Users/chrisbreiding/.rvm/gems/ruby-1.9.3-p125/gems/actionpack-3.2.2/lib/action_dispatch/middleware/templates/rescues/diagnostics.erb within rescues/layout (33.5ms)


Started GET "/" for 127.0.0.1 at 2012-03-30 12:30:05 -0400
Processing by TvController#index as HTML
Completed 500 Internal Server Error in 18ms

NameError (undefined local variable or method `episodes' for #<TvController:0x007fc8938ce548>):
  app/controllers/tv_controller.rb:18:in `block in index'
  app/controllers/tv_controller.rb:16:in `each'
  app/controllers/tv_controller.rb:16:in `index'


  Rendered /Users/chrisbreiding/.rvm/gems/ruby-1.9.3-p125/gems/actionpack-3.2.2/lib/action_dispatch/middleware/templates/rescues/_trace.erb (2.7ms)
  Rendered /Users/chrisbreiding/.rvm/gems/ruby-1.9.3-p125/gems/actionpack-3.2.2/lib/action_dispatch/middleware/templates/rescues/_request_and_response.erb (0.9ms)
  Rendered /Users/chrisbreiding/.rvm/gems/ruby-1.9.3-p125/gems/actionpack-3.2.2/lib/action_dispatch/middleware/templates/rescues/diagnostics.erb within rescues/layout (9.5ms)


Started GET "/" for 127.0.0.1 at 2012-03-30 12:30:14 -0400
Processing by TvController#index as HTML
Completed 500 Internal Server Error in 3167ms

TypeError (can't convert String into Integer):
  app/controllers/tv_controller.rb:25:in `[]'
  app/controllers/tv_controller.rb:25:in `block (2 levels) in index'
  app/controllers/tv_controller.rb:24:in `block in index'
  app/controllers/tv_controller.rb:16:in `each'
  app/controllers/tv_controller.rb:16:in `index'


  Rendered /Users/chrisbreiding/.rvm/gems/ruby-1.9.3-p125/gems/actionpack-3.2.2/lib/action_dispatch/middleware/templates/rescues/_trace.erb (2.9ms)
  Rendered /Users/chrisbreiding/.rvm/gems/ruby-1.9.3-p125/gems/actionpack-3.2.2/lib/action_dispatch/middleware/templates/rescues/_request_and_response.erb (0.9ms)
  Rendered /Users/chrisbreiding/.rvm/gems/ruby-1.9.3-p125/gems/actionpack-3.2.2/lib/action_dispatch/middleware/templates/rescues/diagnostics.erb within rescues/layout (10.2ms)


Started GET "/" for 127.0.0.1 at 2012-03-30 12:34:02 -0400
Processing by TvController#index as HTML
Completed 500 Internal Server Error in 3577ms

TypeError (can't convert String into Integer):
  app/controllers/tv_controller.rb:25:in `[]'
  app/controllers/tv_controller.rb:25:in `block (2 levels) in index'
  app/controllers/tv_controller.rb:24:in `block in index'
  app/controllers/tv_controller.rb:16:in `each'
  app/controllers/tv_controller.rb:16:in `index'


  Rendered /Users/chrisbreiding/.rvm/gems/ruby-1.9.3-p125/gems/actionpack-3.2.2/lib/action_dispatch/middleware/templates/rescues/_trace.erb (3.1ms)
  Rendered /Users/chrisbreiding/.rvm/gems/ruby-1.9.3-p125/gems/actionpack-3.2.2/lib/action_dispatch/middleware/templates/rescues/_request_and_response.erb (0.9ms)
  Rendered /Users/chrisbreiding/.rvm/gems/ruby-1.9.3-p125/gems/actionpack-3.2.2/lib/action_dispatch/middleware/templates/rescues/diagnostics.erb within rescues/layout (10.5ms)


Started GET "/" for 127.0.0.1 at 2012-03-30 12:35:49 -0400
Processing by TvController#index as HTML
Completed 500 Internal Server Error in 2452ms

TypeError (can't convert String into Integer):
  app/controllers/tv_controller.rb:26:in `[]'
  app/controllers/tv_controller.rb:26:in `block (2 levels) in index'
  app/controllers/tv_controller.rb:25:in `block in index'
  app/controllers/tv_controller.rb:17:in `each'
  app/controllers/tv_controller.rb:17:in `index'


  Rendered /Users/chrisbreiding/.rvm/gems/ruby-1.9.3-p125/gems/actionpack-3.2.2/lib/action_dispatch/middleware/templates/rescues/_trace.erb (2.7ms)
  Rendered /Users/chrisbreiding/.rvm/gems/ruby-1.9.3-p125/gems/actionpack-3.2.2/lib/action_dispatch/middleware/templates/rescues/_request_and_response.erb (1.0ms)
  Rendered /Users/chrisbreiding/.rvm/gems/ruby-1.9.3-p125/gems/actionpack-3.2.2/lib/action_dispatch/middleware/templates/rescues/diagnostics.erb within rescues/layout (9.8ms)


Started GET "/" for 127.0.0.1 at 2012-03-30 12:36:42 -0400
Processing by TvController#index as HTML
  Rendered tv/index.html.erb (21.1ms)
Completed 500 Internal Server Error in 29ms

ActionView::Template::Error (undefined method `each' for nil:NilClass):
    1: <% @show .each do |name, data| %>
    2: 	
    3: 	<h2><%= name %></h2>
    4: 	
  app/views/tv/index.html.erb:1:in `_app_views_tv_index_html_erb___2851101751848869407_70249730844100'


  Rendered /Users/chrisbreiding/.rvm/gems/ruby-1.9.3-p125/gems/actionpack-3.2.2/lib/action_dispatch/middleware/templates/rescues/_trace.erb (3.4ms)
  Rendered /Users/chrisbreiding/.rvm/gems/ruby-1.9.3-p125/gems/actionpack-3.2.2/lib/action_dispatch/middleware/templates/rescues/_request_and_response.erb (0.9ms)
  Rendered /Users/chrisbreiding/.rvm/gems/ruby-1.9.3-p125/gems/actionpack-3.2.2/lib/action_dispatch/middleware/templates/rescues/template_error.erb within rescues/layout (10.4ms)


Started GET "/" for 127.0.0.1 at 2012-03-30 12:37:46 -0400
Processing by TvController#index as HTML
  Rendered tv/index.html.erb (1.1ms)
Completed 500 Internal Server Error in 4ms

ActionView::Template::Error (undefined method `each' for nil:NilClass):
    1: <% @show .each do |name, data| %>
    2: 	
    3: 	<h2><%= name %></h2>
    4: 	
  app/views/tv/index.html.erb:1:in `_app_views_tv_index_html_erb___2851101751848869407_70249731252760'


  Rendered /Users/chrisbreiding/.rvm/gems/ruby-1.9.3-p125/gems/actionpack-3.2.2/lib/action_dispatch/middleware/templates/rescues/_trace.erb (27.5ms)
  Rendered /Users/chrisbreiding/.rvm/gems/ruby-1.9.3-p125/gems/actionpack-3.2.2/lib/action_dispatch/middleware/templates/rescues/_request_and_response.erb (1.1ms)
  Rendered /Users/chrisbreiding/.rvm/gems/ruby-1.9.3-p125/gems/actionpack-3.2.2/lib/action_dispatch/middleware/templates/rescues/template_error.erb within rescues/layout (35.0ms)


Started GET "/" for 127.0.0.1 at 2012-03-30 12:37:48 -0400
Processing by TvController#index as HTML
  Rendered tv/index.html.erb (0.7ms)
Completed 500 Internal Server Error in 2ms

ActionView::Template::Error (undefined method `each' for nil:NilClass):
    1: <% @show .each do |name, data| %>
    2: 	
    3: 	<h2><%= name %></h2>
    4: 	
  app/views/tv/index.html.erb:1:in `_app_views_tv_index_html_erb___2851101751848869407_70249731252760'


  Rendered /Users/chrisbreiding/.rvm/gems/ruby-1.9.3-p125/gems/actionpack-3.2.2/lib/action_dispatch/middleware/templates/rescues/_trace.erb (4.5ms)
  Rendered /Users/chrisbreiding/.rvm/gems/ruby-1.9.3-p125/gems/actionpack-3.2.2/lib/action_dispatch/middleware/templates/rescues/_request_and_response.erb (1.0ms)
  Rendered /Users/chrisbreiding/.rvm/gems/ruby-1.9.3-p125/gems/actionpack-3.2.2/lib/action_dispatch/middleware/templates/rescues/template_error.erb within rescues/layout (11.9ms)


Started GET "/" for 127.0.0.1 at 2012-03-30 12:37:52 -0400
Processing by TvController#index as HTML
  Rendered tv/index.html.erb (1.0ms)
Completed 500 Internal Server Error in 2ms

ActionView::Template::Error (undefined method `each' for nil:NilClass):
    1: <% @show .each do |name, data| %>
    2: 	
    3: 	<h2><%= name %></h2>
    4: 	
  app/views/tv/index.html.erb:1:in `_app_views_tv_index_html_erb___2851101751848869407_70249723084340'


  Rendered /Users/chrisbreiding/.rvm/gems/ruby-1.9.3-p125/gems/actionpack-3.2.2/lib/action_dispatch/middleware/templates/rescues/_trace.erb (4.0ms)
  Rendered /Users/chrisbreiding/.rvm/gems/ruby-1.9.3-p125/gems/actionpack-3.2.2/lib/action_dispatch/middleware/templates/rescues/_request_and_response.erb (0.9ms)
  Rendered /Users/chrisbreiding/.rvm/gems/ruby-1.9.3-p125/gems/actionpack-3.2.2/lib/action_dispatch/middleware/templates/rescues/template_error.erb within rescues/layout (11.6ms)


Started GET "/" for 127.0.0.1 at 2012-03-30 12:37:54 -0400
Processing by TvController#index as HTML
  Rendered tv/index.html.erb (1.2ms)
Completed 500 Internal Server Error in 3ms

ActionView::Template::Error (undefined method `each' for nil:NilClass):
    1: <% @show .each do |name, data| %>
    2: 	
    3: 	<h2><%= name %></h2>
    4: 	
  app/views/tv/index.html.erb:1:in `_app_views_tv_index_html_erb___2851101751848869407_70249723084340'


  Rendered /Users/chrisbreiding/.rvm/gems/ruby-1.9.3-p125/gems/actionpack-3.2.2/lib/action_dispatch/middleware/templates/rescues/_trace.erb (4.3ms)
  Rendered /Users/chrisbreiding/.rvm/gems/ruby-1.9.3-p125/gems/actionpack-3.2.2/lib/action_dispatch/middleware/templates/rescues/_request_and_response.erb (1.0ms)
  Rendered /Users/chrisbreiding/.rvm/gems/ruby-1.9.3-p125/gems/actionpack-3.2.2/lib/action_dispatch/middleware/templates/rescues/template_error.erb within rescues/layout (21.1ms)


Started GET "/" for 127.0.0.1 at 2012-03-30 12:38:05 -0400
Processing by TvController#index as HTML
  Rendered tv/index.html.erb (5.5ms)
Completed 500 Internal Server Error in 42ms

ActionView::Template::Error (undefined method `each' for nil:NilClass):
    1: <% @show .each do |name, data| %>
    2: 	
    3: 	<h2><%= name %></h2>
    4: 	
  app/views/tv/index.html.erb:1:in `_app_views_tv_index_html_erb__869427336971596316_70102695854280'


  Rendered /Users/chrisbreiding/.rvm/gems/ruby-1.9.3-p125/gems/actionpack-3.2.2/lib/action_dispatch/middleware/templates/rescues/_trace.erb (3.8ms)
  Rendered /Users/chrisbreiding/.rvm/gems/ruby-1.9.3-p125/gems/actionpack-3.2.2/lib/action_dispatch/middleware/templates/rescues/_request_and_response.erb (0.9ms)
  Rendered /Users/chrisbreiding/.rvm/gems/ruby-1.9.3-p125/gems/actionpack-3.2.2/lib/action_dispatch/middleware/templates/rescues/template_error.erb within rescues/layout (11.2ms)


Started GET "/" for 127.0.0.1 at 2012-03-30 12:38:18 -0400
Processing by TvController#index as HTML
  Rendered tv/index.html.erb (0.5ms)
Completed 200 OK in 2ms (Views: 1.9ms | ActiveRecord: 0.0ms)


Started GET "/" for 127.0.0.1 at 2012-03-30 12:39:30 -0400
Processing by TvController#index as HTML
Completed 500 Internal Server Error in 5225ms

TypeError (can't convert String into Integer):
  app/controllers/tv_controller.rb:28:in `[]'
  app/controllers/tv_controller.rb:28:in `block (2 levels) in index'
  app/controllers/tv_controller.rb:27:in `block in index'
  app/controllers/tv_controller.rb:17:in `each'
  app/controllers/tv_controller.rb:17:in `index'


  Rendered /Users/chrisbreiding/.rvm/gems/ruby-1.9.3-p125/gems/actionpack-3.2.2/lib/action_dispatch/middleware/templates/rescues/_trace.erb (3.0ms)
  Rendered /Users/chrisbreiding/.rvm/gems/ruby-1.9.3-p125/gems/actionpack-3.2.2/lib/action_dispatch/middleware/templates/rescues/_request_and_response.erb (0.9ms)
  Rendered /Users/chrisbreiding/.rvm/gems/ruby-1.9.3-p125/gems/actionpack-3.2.2/lib/action_dispatch/middleware/templates/rescues/diagnostics.erb within rescues/layout (9.7ms)


Started GET "/" for 127.0.0.1 at 2012-03-30 12:57:18 -0400
Processing by TvController#index as HTML
  Rendered tv/index.html.erb (1.9ms)
Completed 200 OK in 4424ms (Views: 3.7ms | ActiveRecord: 0.0ms)


Started GET "/" for 127.0.0.1 at 2012-03-30 12:57:42 -0400
Processing by TvController#index as HTML
  Rendered tv/index.html.erb (0.5ms)
Completed 200 OK in 2485ms (Views: 2.4ms | ActiveRecord: 0.0ms)


Started GET "/" for 127.0.0.1 at 2012-03-30 13:00:11 -0400

SyntaxError (/Users/chrisbreiding/Desktop/Mine/newtv.crbapps.com/newtv/app/controllers/tv_controller.rb:39: syntax error, unexpected '}', expecting ')'
			@shows.push( { name: name, episodes: episodes } } )
			                                                 ^):
  activesupport (3.2.2) lib/active_support/dependencies.rb:469:in `load'
  activesupport (3.2.2) lib/active_support/dependencies.rb:469:in `block in load_file'
  activesupport (3.2.2) lib/active_support/dependencies.rb:639:in `new_constants_in'
  activesupport (3.2.2) lib/active_support/dependencies.rb:468:in `load_file'
  activesupport (3.2.2) lib/active_support/dependencies.rb:353:in `require_or_load'
  activesupport (3.2.2) lib/active_support/dependencies.rb:502:in `load_missing_constant'
  activesupport (3.2.2) lib/active_support/dependencies.rb:192:in `block in const_missing'
  activesupport (3.2.2) lib/active_support/dependencies.rb:190:in `each'
  activesupport (3.2.2) lib/active_support/dependencies.rb:190:in `const_missing'
  activesupport (3.2.2) lib/active_support/inflector/methods.rb:229:in `block in constantize'
  activesupport (3.2.2) lib/active_support/inflector/methods.rb:228:in `each'
  activesupport (3.2.2) lib/active_support/inflector/methods.rb:228:in `constantize'
  activesupport (3.2.2) lib/active_support/dependencies.rb:554:in `get'
  actionpack (3.2.2) lib/action_dispatch/routing/route_set.rb:63:in `controller_reference'
  actionpack (3.2.2) lib/action_dispatch/routing/route_set.rb:48:in `controller'
  actionpack (3.2.2) lib/action_dispatch/routing/route_set.rb:26:in `call'
  journey (1.0.3) lib/journey/router.rb:68:in `block in call'
  journey (1.0.3) lib/journey/router.rb:56:in `each'
  journey (1.0.3) lib/journey/router.rb:56:in `call'
  actionpack (3.2.2) lib/action_dispatch/routing/route_set.rb:594:in `call'
  actionpack (3.2.2) lib/action_dispatch/middleware/best_standards_support.rb:17:in `call'
  rack (1.4.1) lib/rack/etag.rb:23:in `call'
  rack (1.4.1) lib/rack/conditionalget.rb:25:in `call'
  actionpack (3.2.2) lib/action_dispatch/middleware/head.rb:14:in `call'
  actionpack (3.2.2) lib/action_dispatch/middleware/params_parser.rb:21:in `call'
  actionpack (3.2.2) lib/action_dispatch/middleware/flash.rb:242:in `call'
  rack (1.4.1) lib/rack/session/abstract/id.rb:205:in `context'
  rack (1.4.1) lib/rack/session/abstract/id.rb:200:in `call'
  actionpack (3.2.2) lib/action_dispatch/middleware/cookies.rb:338:in `call'
  activerecord (3.2.2) lib/active_record/query_cache.rb:64:in `call'
  activerecord (3.2.2) lib/active_record/connection_adapters/abstract/connection_pool.rb:443:in `call'
  actionpack (3.2.2) lib/action_dispatch/middleware/callbacks.rb:28:in `block in call'
  activesupport (3.2.2) lib/active_support/callbacks.rb:405:in `_run__2626655486958795666__call__1873212574336557267__callbacks'
  activesupport (3.2.2) lib/active_support/callbacks.rb:405:in `__run_callback'
  activesupport (3.2.2) lib/active_support/callbacks.rb:385:in `_run_call_callbacks'
  activesupport (3.2.2) lib/active_support/callbacks.rb:81:in `run_callbacks'
  actionpack (3.2.2) lib/action_dispatch/middleware/callbacks.rb:27:in `call'
  actionpack (3.2.2) lib/action_dispatch/middleware/reloader.rb:65:in `call'
  actionpack (3.2.2) lib/action_dispatch/middleware/remote_ip.rb:31:in `call'
  actionpack (3.2.2) lib/action_dispatch/middleware/debug_exceptions.rb:16:in `call'
  actionpack (3.2.2) lib/action_dispatch/middleware/show_exceptions.rb:56:in `call'
  railties (3.2.2) lib/rails/rack/logger.rb:26:in `call_app'
  railties (3.2.2) lib/rails/rack/logger.rb:16:in `call'
  actionpack (3.2.2) lib/action_dispatch/middleware/request_id.rb:22:in `call'
  rack (1.4.1) lib/rack/methodoverride.rb:21:in `call'
  rack (1.4.1) lib/rack/runtime.rb:17:in `call'
  activesupport (3.2.2) lib/active_support/cache/strategy/local_cache.rb:72:in `call'
  rack (1.4.1) lib/rack/lock.rb:15:in `call'
  actionpack (3.2.2) lib/action_dispatch/middleware/static.rb:61:in `call'
  railties (3.2.2) lib/rails/engine.rb:479:in `call'
  railties (3.2.2) lib/rails/application.rb:220:in `call'
  rack (1.4.1) lib/rack/content_length.rb:14:in `call'
  railties (3.2.2) lib/rails/rack/log_tailer.rb:14:in `call'
  rack (1.4.1) lib/rack/handler/webrick.rb:59:in `service'
  /Users/chrisbreiding/.rvm/rubies/ruby-1.9.3-p125/lib/ruby/1.9.1/webrick/httpserver.rb:138:in `service'
  /Users/chrisbreiding/.rvm/rubies/ruby-1.9.3-p125/lib/ruby/1.9.1/webrick/httpserver.rb:94:in `run'
  /Users/chrisbreiding/.rvm/rubies/ruby-1.9.3-p125/lib/ruby/1.9.1/webrick/server.rb:191:in `block in start_thread'


  Rendered /Users/chrisbreiding/.rvm/gems/ruby-1.9.3-p125/gems/actionpack-3.2.2/lib/action_dispatch/middleware/templates/rescues/_trace.erb (3.1ms)
  Rendered /Users/chrisbreiding/.rvm/gems/ruby-1.9.3-p125/gems/actionpack-3.2.2/lib/action_dispatch/middleware/templates/rescues/_request_and_response.erb (0.9ms)
  Rendered /Users/chrisbreiding/.rvm/gems/ruby-1.9.3-p125/gems/actionpack-3.2.2/lib/action_dispatch/middleware/templates/rescues/diagnostics.erb within rescues/layout (11.7ms)


Started GET "/" for 127.0.0.1 at 2012-03-30 13:00:22 -0400
Processing by TvController#index as HTML
  Rendered tv/index.html.erb (1.5ms)
Completed 500 Internal Server Error in 9300ms

ActionView::Template::Error (undefined method `name' for #<Hash:0x007f841cb8d858>):
    1: <% @shows.each do |show| %>
    2: 	
    3: 	<h2><%= show.name %></h2>
    4: 	
    5: 	<ul>
    6: 		<% show.episodes.each do |title| %>
  app/views/tv/index.html.erb:3:in `block in _app_views_tv_index_html_erb__869427336971596316_70102688984520'
  app/views/tv/index.html.erb:1:in `each'
  app/views/tv/index.html.erb:1:in `_app_views_tv_index_html_erb__869427336971596316_70102688984520'


  Rendered /Users/chrisbreiding/.rvm/gems/ruby-1.9.3-p125/gems/actionpack-3.2.2/lib/action_dispatch/middleware/templates/rescues/_trace.erb (3.9ms)
  Rendered /Users/chrisbreiding/.rvm/gems/ruby-1.9.3-p125/gems/actionpack-3.2.2/lib/action_dispatch/middleware/templates/rescues/_request_and_response.erb (0.9ms)
  Rendered /Users/chrisbreiding/.rvm/gems/ruby-1.9.3-p125/gems/actionpack-3.2.2/lib/action_dispatch/middleware/templates/rescues/template_error.erb within rescues/layout (11.2ms)


Started GET "/" for 127.0.0.1 at 2012-03-30 13:01:14 -0400
Processing by TvController#index as HTML
  Rendered tv/index.html.erb (0.4ms)
Completed 200 OK in 8290ms (Views: 1.8ms | ActiveRecord: 0.0ms)


Started GET "/" for 127.0.0.1 at 2012-03-30 13:01:36 -0400
Processing by TvController#index as HTML
  Rendered tv/index.html.erb (2.3ms)
Completed 200 OK in 10230ms (Views: 3.8ms | ActiveRecord: 0.0ms)


Started GET "/" for 127.0.0.1 at 2012-03-30 13:02:23 -0400
Processing by TvController#index as HTML
  Rendered tv/index.html.erb (32.5ms)
Completed 200 OK in 9505ms (Views: 33.9ms | ActiveRecord: 0.0ms)
